# JRE version: Java(TM) SE Runtime Environment (18.0+36) (build 18+36-2087)
# Java VM: Java HotSpot(TM) 64-Bit Server VM (18+36-2087, mixed mode, sharing, tiered, compressed oops, compressed class ptrs, g1 gc, windows-amd64)
GC Precious Log:
 CardTable entry size: 512
 Card Set container configuration: InlinePtr #cards 4 size 8 Array Of Cards #cards 16 size 48 Howl #buckets 8 coarsen threshold 3686 Howl Bitmap #cards 512 size 80 coarsen threshold 460 Card regions per heap region 1 cards per card region 4096
 CPUs: 12 total, 12 available
 Memory: 16198M
 Large Page Support: Disabled
 NUMA Support: Disabled
 Compressed Oops: Enabled (Zero based)
 Heap Region Size: 2M
 Heap Min Capacity: 8M
 Heap Initial Capacity: 254M
 Heap Max Capacity: 4050M
 Pre-touch: Disabled
 Parallel Workers: 10
 Concurrent Workers: 3
 Concurrent Refinement Workers: 10
 Periodic GC: Disabled
Heap:
 garbage-first heap   total 81920K, used 32135K [0x0000000702e00000, 0x0000000800000000)
  region size 2048K, 4 young (8192K), 1 survivors (2048K)
 Metaspace       used 59003K, committed 59520K, reserved 1114112K
  class space    used 7289K, committed 7552K, reserved 1048576K
GC Heap History (20 events):
Event: 595.588 GC heap before
{Heap before GC invocations=12 (full 0):
 garbage-first heap   total 81920K, used 61209K [0x0000000702e00000, 0x0000000800000000)
  region size 2048K, 20 young (40960K), 3 survivors (6144K)
 Metaspace       used 56033K, committed 56512K, reserved 1114112K
  class space    used 7230K, committed 7424K, reserved 1048576K
}
Event: 595.597 GC heap after
{Heap after GC invocations=13 (full 0):
 garbage-first heap   total 81920K, used 27635K [0x0000000702e00000, 0x0000000800000000)
  region size 2048K, 3 young (6144K), 3 survivors (6144K)
 Metaspace       used 56033K, committed 56512K, reserved 1114112K
  class space    used 7230K, committed 7424K, reserved 1048576K
}
Event: 894.984 GC heap before
{Heap before GC invocations=13 (full 0):
 garbage-first heap   total 81920K, used 60403K [0x0000000702e00000, 0x0000000800000000)
  region size 2048K, 19 young (38912K), 3 survivors (6144K)
 Metaspace       used 57471K, committed 57984K, reserved 1114112K
  class space    used 7284K, committed 7552K, reserved 1048576K
}
Event: 894.988 GC heap after
{Heap after GC invocations=14 (full 0):
 garbage-first heap   total 81920K, used 28041K [0x0000000702e00000, 0x0000000800000000)
  region size 2048K, 1 young (2048K), 1 survivors (2048K)
 Metaspace       used 57471K, committed 57984K, reserved 1114112K
  class space    used 7284K, committed 7552K, reserved 1048576K
}
Event: 896.476 GC heap before
{Heap before GC invocations=14 (full 0):
 garbage-first heap   total 81920K, used 62857K [0x0000000702e00000, 0x0000000800000000)
  region size 2048K, 18 young (36864K), 1 survivors (2048K)
 Metaspace       used 58382K, committed 58944K, reserved 1114112K
  class space    used 7285K, committed 7552K, reserved 1048576K
}
Event: 896.479 GC heap after
{Heap after GC invocations=15 (full 0):
 garbage-first heap   total 81920K, used 28035K [0x0000000702e00000, 0x0000000800000000)
  region size 2048K, 1 young (2048K), 1 survivors (2048K)
 Metaspace       used 58382K, committed 58944K, reserved 1114112K
  class space    used 7285K, committed 7552K, reserved 1048576K
}
Event: 897.727 GC heap before
{Heap before GC invocations=15 (full 0):
 garbage-first heap   total 81920K, used 62851K [0x0000000702e00000, 0x0000000800000000)
  region size 2048K, 18 young (36864K), 1 survivors (2048K)
 Metaspace       used 58897K, committed 59456K, reserved 1114112K
  class space    used 7285K, committed 7552K, reserved 1048576K
}
Event: 897.730 GC heap after
{Heap after GC invocations=16 (full 0):
 garbage-first heap   total 81920K, used 28036K [0x0000000702e00000, 0x0000000800000000)
  region size 2048K, 1 young (2048K), 1 survivors (2048K)
 Metaspace       used 58897K, committed 59456K, reserved 1114112K
  class space    used 7285K, committed 7552K, reserved 1048576K
}
Event: 898.938 GC heap before
{Heap before GC invocations=16 (full 0):
 garbage-first heap   total 81920K, used 64900K [0x0000000702e00000, 0x0000000800000000)
  region size 2048K, 19 young (38912K), 1 survivors (2048K)
 Metaspace       used 58983K, committed 59520K, reserved 1114112K
  class space    used 7285K, committed 7552K, reserved 1048576K
}
Event: 898.941 GC heap after
{Heap after GC invocations=17 (full 0):
 garbage-first heap   total 81920K, used 27971K [0x0000000702e00000, 0x0000000800000000)
  region size 2048K, 1 young (2048K), 1 survivors (2048K)
 Metaspace       used 58983K, committed 59520K, reserved 1114112K
  class space    used 7285K, committed 7552K, reserved 1048576K
}
Event: 900.060 GC heap before
{Heap before GC invocations=17 (full 0):
 garbage-first heap   total 81920K, used 64835K [0x0000000702e00000, 0x0000000800000000)
  region size 2048K, 19 young (38912K), 1 survivors (2048K)
 Metaspace       used 58991K, committed 59520K, reserved 1114112K
  class space    used 7286K, committed 7552K, reserved 1048576K
}
Event: 900.063 GC heap after
{Heap after GC invocations=18 (full 0):
 garbage-first heap   total 81920K, used 28069K [0x0000000702e00000, 0x0000000800000000)
  region size 2048K, 1 young (2048K), 1 survivors (2048K)
 Metaspace       used 58991K, committed 59520K, reserved 1114112K
  class space    used 7286K, committed 7552K, reserved 1048576K
}
Event: 901.231 GC heap before
{Heap before GC invocations=18 (full 0):
 garbage-first heap   total 81920K, used 64933K [0x0000000702e00000, 0x0000000800000000)
  region size 2048K, 19 young (38912K), 1 survivors (2048K)
 Metaspace       used 58992K, committed 59520K, reserved 1114112K
  class space    used 7286K, committed 7552K, reserved 1048576K
}
Event: 901.235 GC heap after
{Heap after GC invocations=19 (full 0):
 garbage-first heap   total 81920K, used 28104K [0x0000000702e00000, 0x0000000800000000)
  region size 2048K, 1 young (2048K), 1 survivors (2048K)
 Metaspace       used 58992K, committed 59520K, reserved 1114112K
  class space    used 7286K, committed 7552K, reserved 1048576K
}
Event: 902.413 GC heap before
{Heap before GC invocations=19 (full 0):
 garbage-first heap   total 81920K, used 67016K [0x0000000702e00000, 0x0000000800000000)
  region size 2048K, 20 young (40960K), 1 survivors (2048K)
 Metaspace       used 58992K, committed 59520K, reserved 1114112K
  class space    used 7286K, committed 7552K, reserved 1048576K
}
Event: 902.417 GC heap after
{Heap after GC invocations=20 (full 0):
 garbage-first heap   total 81920K, used 28038K [0x0000000702e00000, 0x0000000800000000)
  region size 2048K, 1 young (2048K), 1 survivors (2048K)
 Metaspace       used 58992K, committed 59520K, reserved 1114112K
  class space    used 7286K, committed 7552K, reserved 1048576K
}
Event: 903.894 GC heap before
{Heap before GC invocations=20 (full 0):
 garbage-first heap   total 81920K, used 66950K [0x0000000702e00000, 0x0000000800000000)
  region size 2048K, 20 young (40960K), 1 survivors (2048K)
 Metaspace       used 58996K, committed 59520K, reserved 1114112K
  class space    used 7286K, committed 7552K, reserved 1048576K
}
Event: 903.898 GC heap after
{Heap after GC invocations=21 (full 0):
 garbage-first heap   total 81920K, used 28038K [0x0000000702e00000, 0x0000000800000000)
  region size 2048K, 1 young (2048K), 1 survivors (2048K)
 Metaspace       used 58996K, committed 59520K, reserved 1114112K
  class space    used 7286K, committed 7552K, reserved 1048576K
}
Event: 905.449 GC heap before
{Heap before GC invocations=21 (full 0):
 garbage-first heap   total 81920K, used 66950K [0x0000000702e00000, 0x0000000800000000)
  region size 2048K, 20 young (40960K), 1 survivors (2048K)
 Metaspace       used 59003K, committed 59520K, reserved 1114112K
  class space    used 7289K, committed 7552K, reserved 1048576K
}
Event: 905.453 GC heap after
{Heap after GC invocations=22 (full 0):
 garbage-first heap   total 81920K, used 28039K [0x0000000702e00000, 0x0000000800000000)
  region size 2048K, 1 young (2048K), 1 survivors (2048K)
 Metaspace       used 59003K, committed 59520K, reserved 1114112K
  class space    used 7289K, committed 7552K, reserved 1048576K
}

